2025-07-20 13:19:52 - Iniciando backup completo - 2025-07-20_13-19-52
2025-07-20 13:19:52 - Iniciando backup do banco de dados...
2025-07-20 13:19:53 - ERRO no backup: Erro ao fazer backup do banco de dados
2025-07-20 13:24:11 - Iniciando backup completo - 2025-07-20_13-24-11
2025-07-20 13:24:11 - Iniciando backup do banco de dados...
2025-07-20 13:24:11 - ERRO no backup: Erro ao fazer backup do banco de dados
2025-07-20 13:24:16 - Iniciando backup completo - 2025-07-20_13-24-16
2025-07-20 13:24:16 - Iniciando backup do banco de dados...
2025-07-20 13:24:17 - ERRO no backup: Erro ao fazer backup do banco de dados
2025-07-20 13:26:19 - Iniciando backup completo - 2025-07-20_13-26-19
2025-07-20 13:26:19 - Iniciando backup do banco de dados...
2025-07-20 13:26:19 - ERRO no backup: Erro ao fazer backup do banco de dados
2025-07-20 13:30:27 - Iniciando backup completo - 2025-07-20_13-30-27
2025-07-20 13:30:27 - Iniciando backup do banco de dados...
2025-07-20 13:30:40 - Backup do banco de dados concluído: db_backup_2025-07-20_13-30-27.sql.gz
2025-07-20 13:30:40 - Iniciando backup dos arquivos...
2025-07-20 13:30:40 - Backup dos arquivos concluído: files_backup_2025-07-20_13-30-27.tar.gz
2025-07-20 13:30:40 - Iniciando backup das configurações...
2025-07-20 13:30:42 - Backup das configurações concluído: config_backup_2025-07-20_13-30-27.tar.gz
2025-07-20 13:30:42 - Índice do backup criado: backup_index_2025-07-20_13-30-27.json
2025-07-20 13:30:42 - Limpando backups antigos...
2025-07-20 13:30:56 - Backup completo finalizado com sucesso
2025-07-20 13:32:45 - Iniciando backup completo - 2025-07-20_13-32-45
2025-07-20 13:32:45 - Iniciando backup do banco de dados...
2025-07-20 13:32:46 - Backup do banco de dados concluído: db_backup_2025-07-20_13-32-45.sql.gz
2025-07-20 13:32:46 - Iniciando backup dos arquivos...
2025-07-20 13:32:46 - Backup dos arquivos concluído: files_backup_2025-07-20_13-32-45.tar.gz
2025-07-20 13:32:46 - Iniciando backup das configurações...
2025-07-20 13:32:46 - Backup das configurações concluído: config_backup_2025-07-20_13-32-45.tar.gz
2025-07-20 13:32:46 - Índice do backup criado: backup_index_2025-07-20_13-32-45.json
2025-07-20 13:32:46 - Limpando backups antigos...
2025-07-20 13:32:56 - Backup completo finalizado com sucesso
2025-07-20 13:33:50 - Iniciando backup completo - 2025-07-20_13-33-50
2025-07-20 13:33:50 - Iniciando backup do banco de dados...
2025-07-20 13:33:51 - Backup do banco de dados concluído: db_backup_2025-07-20_13-33-50.sql.gz
2025-07-20 13:33:51 - Iniciando backup dos arquivos...
2025-07-20 13:33:51 - Backup dos arquivos concluído: files_backup_2025-07-20_13-33-50.tar.gz
2025-07-20 13:33:51 - Iniciando backup das configurações...
2025-07-20 13:33:51 - Backup das configurações concluído: config_backup_2025-07-20_13-33-50.tar.gz
2025-07-20 13:33:51 - Índice do backup criado: backup_index_2025-07-20_13-33-50.json
2025-07-20 13:33:51 - Limpando backups antigos...
2025-07-20 13:34:01 - Backup completo finalizado com sucesso
2025-07-20 13:45:45 - Iniciando backup completo - 2025-07-20_13-45-45
2025-07-20 13:45:46 - Iniciando backup do banco de dados...
2025-07-20 13:46:09 - Backup do banco de dados concluído: db_backup_2025-07-20_13-45-45.sql.gz
2025-07-20 13:46:09 - Iniciando backup dos arquivos...
2025-07-20 13:46:10 - Backup dos arquivos concluído: files_backup_2025-07-20_13-45-45.tar.gz
2025-07-20 13:46:10 - Iniciando backup das configurações...
2025-07-20 13:46:12 - Backup das configurações concluído: config_backup_2025-07-20_13-45-45.tar.gz
2025-07-20 13:46:12 - Índice do backup criado: backup_index_2025-07-20_13-45-45.json
2025-07-20 13:46:12 - Limpando backups antigos...
2025-07-20 13:46:24 - Backup completo finalizado com sucesso
2025-07-20 12:50:07 - Iniciando backup completo - 2025-07-20_12-50
2025-07-20 12:50:07 - Iniciando backup do banco de dados...
2025-07-20 12:50:10 - Backup do banco de dados concluído: db_backup_2025-07-20_12-50.sql.gz
2025-07-20 12:50:10 - Iniciando backup dos arquivos...
2025-07-20 12:50:10 - Backup dos arquivos concluído: files_backup_2025-07-20_12-50.tar.gz
2025-07-20 12:50:10 - Iniciando backup das configurações...
2025-07-20 12:50:10 - Backup das configurações concluído: config_backup_2025-07-20_12-50.tar.gz
2025-07-20 12:50:10 - Índice do backup criado: backup_index_2025-07-20_12-50.json
2025-07-20 12:50:10 - Limpando backups antigos...
2025-07-20 12:50:22 - Backup completo finalizado com sucesso
2025-07-20 12:54:53 - Iniciando backup completo - 2025-07-20_12-54-53
2025-07-20 12:54:53 - Iniciando backup do banco de dados...
2025-07-20 12:54:54 - Backup do banco de dados concluído: db_backup_2025-07-20_12-54-53.sql.gz
2025-07-20 12:54:54 - Iniciando backup dos arquivos...
2025-07-20 12:54:54 - Backup dos arquivos concluído: files_backup_2025-07-20_12-54-53.tar.gz
2025-07-20 12:54:54 - Iniciando backup das configurações...
2025-07-20 12:54:54 - Backup das configurações concluído: config_backup_2025-07-20_12-54-53.tar.gz
2025-07-20 12:54:54 - Índice do backup criado: backup_index_2025-07-20_12-54-53.json
2025-07-20 12:54:54 - Limpando backups antigos...
2025-07-20 12:55:05 - Backup completo finalizado com sucesso
2025-07-20 12:55:28 - Iniciando backup completo - 2025-07-20_12-55-28
2025-07-20 12:55:28 - Iniciando backup do banco de dados...
2025-07-20 12:55:28 - Backup do banco de dados concluído: db_backup_2025-07-20_12-55-28.sql.gz
2025-07-20 12:55:28 - Iniciando backup dos arquivos...
2025-07-20 12:55:28 - Backup dos arquivos concluído: files_backup_2025-07-20_12-55-28.tar.gz
2025-07-20 12:55:28 - Iniciando backup das configurações...
2025-07-20 12:55:28 - Backup das configurações concluído: config_backup_2025-07-20_12-55-28.tar.gz
2025-07-20 12:55:28 - Índice do backup criado: backup_index_2025-07-20_12-55-28.json
2025-07-20 12:55:28 - Limpando backups antigos...
2025-07-20 12:55:38 - Backup completo finalizado com sucesso
2025-07-20 12:58:21 - Iniciando backup completo - 2025-07-20_12-58-21
2025-07-20 12:58:21 - Iniciando backup do banco de dados...
2025-07-20 12:58:24 - Backup do banco de dados concluído: db_backup.sql.gz
2025-07-20 12:58:24 - Iniciando backup dos arquivos...
2025-07-20 12:58:25 - Backup dos arquivos concluído: files_backup.tar.gz
2025-07-20 12:58:25 - Iniciando backup das configurações...
2025-07-20 12:58:25 - Backup das configurações concluído: config_backup.tar.gz
2025-07-20 12:58:25 - Índice do backup criado: backup_index.json
2025-07-20 12:58:25 - Limpando backups antigos...
2025-07-20 12:58:37 - Backup completo finalizado com sucesso
2025-07-20 13:05:21 - Iniciando backup completo - 2025-07-20_13-05-21
2025-07-20 13:05:21 - Iniciando backup do banco de dados...
2025-07-20 13:05:24 - Backup do banco de dados concluído: db_backup.sql.gz
2025-07-20 13:05:24 - Iniciando backup dos arquivos...
2025-07-20 13:05:31 - ERRO no backup: Erro ao fazer backup dos arquivos
2025-07-20 13:06:09 - Iniciando backup completo - 2025-07-20_13-06-09
2025-07-20 13:06:09 - Iniciando backup do banco de dados...
2025-07-20 13:06:12 - Backup do banco de dados concluído: db_backup.sql.gz
2025-07-20 13:06:12 - Iniciando backup dos arquivos...
2025-07-20 13:06:14 - ERRO no backup: Erro ao fazer backup dos arquivos
2025-07-20 13:13:22 - Iniciando backup completo - 2025-07-20_13-13-22
2025-07-20 13:13:22 - Iniciando backup do banco de dados...
2025-07-20 13:13:25 - Backup do banco de dados concluído: db_backup.sql.gz
2025-07-20 13:13:25 - Iniciando backup dos arquivos...
2025-07-20 13:13:25 - Comando tar: tar --exclude='backups/' -czf backups/2025-07-20_13-13-22/files_backup.tar.gz -C . .
2025-07-20 13:13:29 - Saída do tar: 
2025-07-20 13:13:29 - ERRO no backup: Erro ao fazer backup dos arquivos
2025-07-20 13:14:22 - Iniciando backup completo - 2025-07-20_13-14-22
2025-07-20 13:14:22 - Iniciando backup do banco de dados...
2025-07-20 13:14:25 - Backup do banco de dados concluído: db_backup.sql.gz
2025-07-20 13:14:25 - Iniciando backup dos arquivos...
2025-07-20 13:14:25 - Comando tar: tar --exclude='backups/' -czf backups/2025-07-20_13-14-22/files_backup.tar.gz -C . .
2025-07-20 13:14:26 - Saída do tar: 
2025-07-20 13:14:26 - ERRO no backup: Erro ao fazer backup dos arquivos
2025-07-20 13:14:46 - Iniciando backup completo - 2025-07-20_13-14-46
2025-07-20 13:14:46 - Iniciando backup do banco de dados...
2025-07-20 13:14:46 - Backup do banco de dados concluído: db_backup.sql.gz
2025-07-20 13:14:46 - Iniciando backup dos arquivos...
2025-07-20 13:14:46 - Comando tar: tar --exclude='backups/' -czf backups/2025-07-20_13-14-46/files_backup.tar.gz -C . .
2025-07-20 13:14:46 - Saída do tar: 
2025-07-20 13:14:46 - ERRO no backup: Erro ao fazer backup dos arquivos
2025-07-20 13:17:33 - Iniciando backup completo - 2025-07-20_13-17-33
2025-07-20 13:17:33 - Iniciando backup do banco de dados...
2025-07-20 13:17:35 - Backup do banco de dados concluído: db_backup.sql.gz
2025-07-20 13:17:35 - Iniciando backup dos arquivos...
2025-07-20 13:17:35 - Comando tar: tar -czf backups/2025-07-20_13-17-33/files_backup.tar.gz -C . .
2025-07-20 13:17:35 - Saída do tar: 
2025-07-20 13:17:35 - ERRO no backup: Erro ao fazer backup dos arquivos
2025-07-20 13:31:40 - Iniciando backup completo - 2025-07-20_13-31-40
2025-07-20 13:31:40 - Iniciando backup do banco de dados...
2025-07-20 13:31:55 - Backup do banco de dados concluído: db_backup.sql.gz
2025-07-20 13:31:55 - Iniciando backup dos arquivos...
2025-07-20 13:31:55 - Comando tar: tar --exclude=backups -czf backups/2025-07-20_13-31-40/files_backup.tar.gz *
2025-07-20 13:31:56 - Saída do tar: 
2025-07-20 13:31:56 - Backup dos arquivos concluído: files_backup.tar.gz
2025-07-20 13:31:56 - Iniciando backup das configurações...
2025-07-20 13:31:56 - Backup das configurações concluído: config_backup.tar.gz
2025-07-20 13:31:56 - Índice do backup criado: backup_index.json
2025-07-20 13:31:56 - Limpando backups antigos...
2025-07-20 13:32:09 - Backup completo finalizado com sucesso
2025-07-20 13:34:23 - Iniciando backup completo - 2025-07-20_13-34-23
2025-07-20 13:34:23 - Iniciando backup do banco de dados...
2025-07-20 13:34:23 - Backup do banco de dados concluído: db_backup.sql.gz
2025-07-20 13:34:23 - Iniciando backup dos arquivos...
2025-07-20 13:34:23 - Comando tar: tar --exclude=backups -czf backups/2025-07-20_13-34-23/files_backup.tar.gz *
2025-07-20 13:34:24 - Saída do tar: 
2025-07-20 13:34:24 - Backup dos arquivos concluído: files_backup.tar.gz
2025-07-20 13:34:24 - Iniciando backup das configurações...
2025-07-20 13:34:24 - Backup das configurações concluído: config_backup.tar.gz
2025-07-20 13:34:24 - Índice do backup criado: backup_index.json
2025-07-20 13:34:24 - Limpando backups antigos...
2025-07-20 13:34:34 - Backup completo finalizado com sucesso
