2025-07-21 14:23:20 - Iniciando backup completo - 2025-07-21_14-23-20
2025-07-21 14:23:20 - Iniciando backup do banco de dados...
2025-07-21 14:23:26 - Backup do banco de dados concluído: db_backup.sql.gz
2025-07-21 14:23:26 - Iniciando backup dos arquivos...
2025-07-21 14:23:26 - Comando tar: tar --exclude=backups -czf backups/2025-07-21_14-23-20/files_backup.tar.gz *
2025-07-21 14:23:38 - Saída do tar: 
2025-07-21 14:23:38 - Backup dos arquivos concluído: files_backup.tar.gz
2025-07-21 14:23:38 - Iniciando backup das configurações...
2025-07-21 14:23:38 - Backup das configurações concluído: config_backup.tar.gz
2025-07-21 14:23:38 - Índice do backup criado: backup_index.json
2025-07-21 14:23:38 - Limpando backups antigos...
2025-07-21 14:23:48 - Backup completo finalizado com sucesso
2025-07-21 14:30:33 - Iniciando backup completo - 2025-07-21_14-30-33
2025-07-21 14:30:33 - Iniciando backup do banco de dados...
2025-07-21 14:30:36 - Backup do banco de dados concluído: db_backup.sql.gz
2025-07-21 14:30:36 - Iniciando backup dos arquivos...
2025-07-21 14:30:36 - Comando tar: tar --exclude=backups -czf backups/2025-07-21_14-30-33/files_backup.tar.gz *
2025-07-21 14:30:37 - Saída do tar: 
2025-07-21 14:30:37 - Backup dos arquivos concluído: files_backup.tar.gz
2025-07-21 14:30:37 - Iniciando backup das configurações...
2025-07-21 14:30:38 - Backup das configurações concluído: config_backup.tar.gz
2025-07-21 14:30:38 - Índice do backup criado: backup_index.json
2025-07-21 14:30:38 - Limpando backups antigos...
2025-07-21 14:30:47 - Backup completo finalizado com sucesso
